<?xml version="1.0" encoding="UTF-8"?>
<!-- Generated by org.testng.reporters.JUnitReportReporter -->
<testsuite hostname="DESKTOP-11TB789" failures="0" tests="1" name="com.hrms.testscripts.TC002" time="40.356" errors="0" timestamp="7 Sep 2023 10:49:01 GMT">
  <testcase classname="com.hrms.testscripts.TC002" name="tc002" time="40.356"/>
</testsuite> <!-- com.hrms.testscripts.TC002 -->
